=== RUN   TestValidateSuggestionsByLine
=== RUN   TestValidateSuggestionsByLine/All_valid_inline
=== RUN   TestValidateSuggestionsByLine/Mix_valid_and_unknown_file
time=2026-02-15T03:30:42.825+01:00 level=WARN msg="Dropping suggestion (file not in PR)" original=invalid.go normalized=invalid.go
time=2026-02-15T03:30:42.843+01:00 level=WARN msg="Dropping suggestion (file not in PR)" original=src/old.java normalized=src/old.java
=== RUN   TestValidateSuggestionsByLine/With_./_prefix
=== RUN   TestValidateSuggestionsByLine/Valid_file_but_off-diff_line
time=2026-02-15T03:30:42.843+01:00 level=WARN msg="Moving suggestion to general findings (off-diff line)" original=main.go normalized=main.go line=999
=== RUN   TestValidateSuggestionsByLine/Mix_inline_and_off-diff
time=2026-02-15T03:30:42.843+01:00 level=WARN msg="Moving suggestion to general findings (off-diff line)" original=main.go normalized=main.go line=999
time=2026-02-15T03:30:42.843+01:00 level=WARN msg="Moving suggestion to general findings (off-diff line)" original=pkg/util.go normalized=pkg/util.go line=100
=== RUN   TestValidateSuggestionsByLine/Zero_line_number_goes_to_off-diff
time=2026-02-15T03:30:42.843+01:00 level=WARN msg="Moving suggestion to general findings (off-diff line)" original=main.go normalized=main.go line=0
=== RUN   TestValidateSuggestionsByLine/Unknown_file_is_dropped
time=2026-02-15T03:30:42.843+01:00 level=WARN msg="Dropping suggestion (file not in PR)" original=ghost.go normalized=ghost.go
=== RUN   TestValidateSuggestionsByLine/No_valid_files_provided
time=2026-02-15T03:30:42.843+01:00 level=WARN msg="Valid files map is empty, skipping suggestion validation"
--- PASS: TestValidateSuggestionsByLine (0.02s)
    --- PASS: TestValidateSuggestionsByLine/All_valid_inline (0.00s)
    --- PASS: TestValidateSuggestionsByLine/Mix_valid_and_unknown_file (0.02s)
    --- PASS: TestValidateSuggestionsByLine/With_./_prefix (0.00s)
    --- PASS: TestValidateSuggestionsByLine/Valid_file_but_off-diff_line (0.00s)
    --- PASS: TestValidateSuggestionsByLine/Mix_inline_and_off-diff (0.00s)
    --- PASS: TestValidateSuggestionsByLine/Zero_line_number_goes_to_off-diff (0.00s)
    --- PASS: TestValidateSuggestionsByLine/Unknown_file_is_dropped (0.00s)
    --- PASS: TestValidateSuggestionsByLine/No_valid_files_provided (0.00s)
=== RUN   TestIsReviewableFile
=== RUN   TestIsReviewableFile/main.go
=== RUN   TestIsReviewableFile/app.py
=== RUN   TestIsReviewableFile/index.ts
=== RUN   TestIsReviewableFile/Component.tsx
=== RUN   TestIsReviewableFile/App.java
=== RUN   TestIsReviewableFile/main.rs
=== RUN   TestIsReviewableFile/lib.rb
=== RUN   TestIsReviewableFile/index.php
=== RUN   TestIsReviewableFile/Program.cs
=== RUN   TestIsReviewableFile/ViewController.swift
=== RUN   TestIsReviewableFile/Main.kt
=== RUN   TestIsReviewableFile/script.sh
=== RUN   TestIsReviewableFile/query.sql
=== RUN   TestIsReviewableFile/Component.vue
=== RUN   TestIsReviewableFile/README.md
=== RUN   TestIsReviewableFile/CHANGELOG.markdown
=== RUN   TestIsReviewableFile/docs/guide.rst
=== RUN   TestIsReviewableFile/INSTALL.adoc
=== RUN   TestIsReviewableFile/config.yaml
=== RUN   TestIsReviewableFile/docker-compose.yml
=== RUN   TestIsReviewableFile/package.json
=== RUN   TestIsReviewableFile/tsconfig.json
=== RUN   TestIsReviewableFile/settings.toml
=== RUN   TestIsReviewableFile/.env
=== RUN   TestIsReviewableFile/.gitignore
=== RUN   TestIsReviewableFile/go.sum
=== RUN   TestIsReviewableFile/package-lock.json
=== RUN   TestIsReviewableFile/yarn.lock
=== RUN   TestIsReviewableFile/data.txt
=== RUN   TestIsReviewableFile/records.csv
=== RUN   TestIsReviewableFile/config.xml
=== RUN   TestIsReviewableFile/logo.png
=== RUN   TestIsReviewableFile/icon.svg
=== RUN   TestIsReviewableFile/banner.jpg
=== RUN   TestIsReviewableFile/document.pdf
=== RUN   TestIsReviewableFile/review.prompt
=== RUN   TestIsReviewableFile/email.tmpl
=== RUN   TestIsReviewableFile/schema.graphql
=== RUN   TestIsReviewableFile/api.proto
=== RUN   TestIsReviewableFile/Dockerfile
    validation_test.go:189: isReviewableFile("Dockerfile") = true, want false
=== RUN   TestIsReviewableFile/Makefile
    validation_test.go:189: isReviewableFile("Makefile") = true, want false
=== RUN   TestIsReviewableFile/./main.go
=== RUN   TestIsReviewableFile/src/lib/main.go
=== RUN   TestIsReviewableFile/bundle.min.js
=== RUN   TestIsReviewableFile/styles.min.css
=== RUN   TestIsReviewableFile/types.d.ts
--- FAIL: TestIsReviewableFile (0.00s)
    --- PASS: TestIsReviewableFile/main.go (0.00s)
    --- PASS: TestIsReviewableFile/app.py (0.00s)
    --- PASS: TestIsReviewableFile/index.ts (0.00s)
    --- PASS: TestIsReviewableFile/Component.tsx (0.00s)
    --- PASS: TestIsReviewableFile/App.java (0.00s)
    --- PASS: TestIsReviewableFile/main.rs (0.00s)
    --- PASS: TestIsReviewableFile/lib.rb (0.00s)
    --- PASS: TestIsReviewableFile/index.php (0.00s)
    --- PASS: TestIsReviewableFile/Program.cs (0.00s)
    --- PASS: TestIsReviewableFile/ViewController.swift (0.00s)
    --- PASS: TestIsReviewableFile/Main.kt (0.00s)
    --- PASS: TestIsReviewableFile/script.sh (0.00s)
    --- PASS: TestIsReviewableFile/query.sql (0.00s)
    --- PASS: TestIsReviewableFile/Component.vue (0.00s)
    --- PASS: TestIsReviewableFile/README.md (0.00s)
    --- PASS: TestIsReviewableFile/CHANGELOG.markdown (0.00s)
    --- PASS: TestIsReviewableFile/docs/guide.rst (0.00s)
    --- PASS: TestIsReviewableFile/INSTALL.adoc (0.00s)
    --- PASS: TestIsReviewableFile/config.yaml (0.00s)
    --- PASS: TestIsReviewableFile/docker-compose.yml (0.00s)
    --- PASS: TestIsReviewableFile/package.json (0.00s)
    --- PASS: TestIsReviewableFile/tsconfig.json (0.00s)
    --- PASS: TestIsReviewableFile/settings.toml (0.00s)
    --- PASS: TestIsReviewableFile/.env (0.00s)
    --- PASS: TestIsReviewableFile/.gitignore (0.00s)
    --- PASS: TestIsReviewableFile/go.sum (0.00s)
    --- PASS: TestIsReviewableFile/package-lock.json (0.00s)
    --- PASS: TestIsReviewableFile/yarn.lock (0.00s)
    --- PASS: TestIsReviewableFile/data.txt (0.00s)
    --- PASS: TestIsReviewableFile/records.csv (0.00s)
    --- PASS: TestIsReviewableFile/config.xml (0.00s)
    --- PASS: TestIsReviewableFile/logo.png (0.00s)
    --- PASS: TestIsReviewableFile/icon.svg (0.00s)
    --- PASS: TestIsReviewableFile/banner.jpg (0.00s)
    --- PASS: TestIsReviewableFile/document.pdf (0.00s)
    --- PASS: TestIsReviewableFile/review.prompt (0.00s)
    --- PASS: TestIsReviewableFile/email.tmpl (0.00s)
    --- PASS: TestIsReviewableFile/schema.graphql (0.00s)
    --- PASS: TestIsReviewableFile/api.proto (0.00s)
    --- FAIL: TestIsReviewableFile/Dockerfile (0.00s)
    --- FAIL: TestIsReviewableFile/Makefile (0.00s)
    --- PASS: TestIsReviewableFile/./main.go (0.00s)
    --- PASS: TestIsReviewableFile/src/lib/main.go (0.00s)
    --- PASS: TestIsReviewableFile/bundle.min.js (0.00s)
    --- PASS: TestIsReviewableFile/styles.min.css (0.00s)
    --- PASS: TestIsReviewableFile/types.d.ts (0.00s)
=== RUN   TestFilterNonCodeSuggestions
=== RUN   TestFilterNonCodeSuggestions/filters_out_markdown_files
=== RUN   TestFilterNonCodeSuggestions/filters_out_yaml_and_json_files
=== RUN   TestFilterNonCodeSuggestions/keeps_code_files
=== RUN   TestFilterNonCodeSuggestions/filters_out_lock_and_sum_files
=== RUN   TestFilterNonCodeSuggestions/filters_out_image_files
=== RUN   TestFilterNonCodeSuggestions/handles_./_prefix
=== RUN   TestFilterNonCodeSuggestions/keeps_unknown_extensions
=== RUN   TestFilterNonCodeSuggestions/filters_out_minified_files
=== RUN   TestFilterNonCodeSuggestions/empty_input_returns_empty
--- PASS: TestFilterNonCodeSuggestions (0.00s)
    --- PASS: TestFilterNonCodeSuggestions/filters_out_markdown_files (0.00s)
    --- PASS: TestFilterNonCodeSuggestions/filters_out_yaml_and_json_files (0.00s)
    --- PASS: TestFilterNonCodeSuggestions/keeps_code_files (0.00s)
    --- PASS: TestFilterNonCodeSuggestions/filters_out_lock_and_sum_files (0.00s)
    --- PASS: TestFilterNonCodeSuggestions/filters_out_image_files (0.00s)
    --- PASS: TestFilterNonCodeSuggestions/handles_./_prefix (0.00s)
    --- PASS: TestFilterNonCodeSuggestions/keeps_unknown_extensions (0.00s)
    --- PASS: TestFilterNonCodeSuggestions/filters_out_minified_files (0.00s)
    --- PASS: TestFilterNonCodeSuggestions/empty_input_returns_empty (0.00s)
FAIL
FAIL	github.com/sevigo/code-warden/internal/jobs	0.132s
FAIL
